<?xml version="1.0" encoding="UTF-8"?>
<testng-results ignored="0" total="1" passed="1" failed="0" skipped="0">
  <reporter-output>
  </reporter-output>
  <suite started-at="2024-11-16T18:02:43 IST" name="Default suite" finished-at="2024-11-16T18:02:50 IST" duration-ms="6689">
    <groups>
    </groups>
    <test started-at="2024-11-16T18:02:43 IST" name="Default test" finished-at="2024-11-16T18:02:50 IST" duration-ms="6689">
      <class name="com.TestNG.Assertion">
        <test-method signature="Google()[pri:0, instance:com.TestNG.Assertion@74ea2410]" started-at="2024-11-16T18:02:43 IST" name="Google" finished-at="2024-11-16T18:02:50 IST" duration-ms="6610" status="PASS">
          <reporter-output>
          </reporter-output>
        </test-method> <!-- Google -->
      </class> <!-- com.TestNG.Assertion -->
    </test> <!-- Default test -->
  </suite> <!-- Default suite -->
</testng-results>
